[2026-04-01 23:51:00] production.ERROR: Undefined variable $timezone {"exception":"[object] (ErrorException(code: 0): Undefined variable $timezone at C:/Users/DELL/Downloads/flurzi cinema/flurzi cinema/flurzi cinema web app files/WebApp_Files/core/config/app.php:70)
[stacktrace]
#0 C:/Users/DELL/Downloads/flurzi cinema/flurzi cinema/flurzi cinema web app files/WebApp_Files/core/vendor/laravel/framework/src/Illuminate/Foundation/Bootstrap/HandleExceptions.php(258): Illuminate/Foundation/Bootstrap/HandleExceptions->handleError()
#1 C:/Users/DELL/Downloads/flurzi cinema/flurzi cinema/flurzi cinema web app files/WebApp_Files/core/config/app.php(70): Illuminate/Foundation/Bootstrap/HandleExceptions->Illuminate/Foundation/Bootstrap/{closure}()
#2 C:/Users/DELL/Downloads/flurzi cinema/flurzi cinema/flurzi cinema web app files/WebApp_Files/core/vendor/laravel/framework/src/Illuminate/Foundation/Bootstrap/LoadConfiguration.php(97): require('...')
#3 C:/Users/DELL/Downloads/flurzi cinema/flurzi cinema/flurzi cinema web app files/WebApp_Files/core/vendor/laravel/framework/src/Illuminate/Foundation/Bootstrap/LoadConfiguration.php(97): Illuminate/Foundation/Bootstrap/LoadConfiguration->Illuminate/Foundation/Bootstrap/{closure}()
#4 C:/Users/DELL/Downloads/flurzi cinema/flurzi cinema/flurzi cinema web app files/WebApp_Files/core/vendor/laravel/framework/src/Illuminate/Foundation/Bootstrap/LoadConfiguration.php(78): Illuminate/Foundation/Bootstrap/LoadConfiguration->loadConfigurationFile()
#5 C:/Users/DELL/Downloads/flurzi cinema/flurzi cinema/flurzi cinema web app files/WebApp_Files/core/vendor/laravel/framework/src/Illuminate/Foundation/Bootstrap/LoadConfiguration.php(39): Illuminate/Foundation/Bootstrap/LoadConfiguration->loadConfigurationFiles()
#6 C:/Users/DELL/Downloads/flurzi cinema/flurzi cinema/flurzi cinema web app files/WebApp_Files/core/vendor/laravel/framework/src/Illuminate/Foundation/Application.php(342): Illuminate/Foundation/Bootstrap/LoadConfiguration->bootstrap()
#7 C:/Users/DELL/Downloads/flurzi cinema/flurzi cinema/flurzi cinema web app files/WebApp_Files/core/vendor/laravel/framework/src/Illuminate/Foundation/Console/Kernel.php(474): Illuminate/Foundation/Application->bootstrapWith()
#8 C:/Users/DELL/Downloads/flurzi cinema/flurzi cinema/flurzi cinema web app files/WebApp_Files/core/vendor/laravel/framework/src/Illuminate/Foundation/Console/ConfigCacheCommand.php(90): Illuminate/Foundation/Console/Kernel->bootstrap()
#9 C:/Users/DELL/Downloads/flurzi cinema/flurzi cinema/flurzi cinema web app files/WebApp_Files/core/vendor/laravel/framework/src/Illuminate/Foundation/Console/ConfigCacheCommand.php(60): Illuminate/Foundation/Console/ConfigCacheCommand->getFreshConfiguration()
#10 C:/Users/DELL/Downloads/flurzi cinema/flurzi cinema/flurzi cinema web app files/WebApp_Files/core/vendor/laravel/framework/src/Illuminate/Container/BoundMethod.php(36): Illuminate/Foundation/Console/ConfigCacheCommand->handle()
#11 C:/Users/DELL/Downloads/flurzi cinema/flurzi cinema/flurzi cinema web app files/WebApp_Files/core/vendor/laravel/framework/src/Illuminate/Container/Util.php(43): Illuminate/Container/BoundMethod::Illuminate/Container/{closure}()
#12 C:/Users/DELL/Downloads/flurzi cinema/flurzi cinema/flurzi cinema web app files/WebApp_Files/core/vendor/laravel/framework/src/Illuminate/Container/BoundMethod.php(95): Illuminate/Container/Util::unwrapIfClosure()
#13 C:/Users/DELL/Downloads/flurzi cinema/flurzi cinema/flurzi cinema web app files/WebApp_Files/core/vendor/laravel/framework/src/Illuminate/Container/BoundMethod.php(35): Illuminate/Container/BoundMethod::callBoundMethod()
#14 C:/Users/DELL/Downloads/flurzi cinema/flurzi cinema/flurzi cinema web app files/WebApp_Files/core/vendor/laravel/framework/src/Illuminate/Container/Container.php(696): Illuminate/Container/BoundMethod::call()
#15 C:/Users/DELL/Downloads/flurzi cinema/flurzi cinema/flurzi cinema web app files/WebApp_Files/core/vendor/laravel/framework/src/Illuminate/Console/Command.php(213): Illuminate/Container/Container->call()
#16 C:/Users/DELL/Downloads/flurzi cinema/flurzi cinema/flurzi cinema web app files/WebApp_Files/core/vendor/symfony/console/Command/Command.php(341): Illuminate/Console/Command->execute()
#17 C:/Users/DELL/Downloads/flurzi cinema/flurzi cinema/flurzi cinema web app files/WebApp_Files/core/vendor/laravel/framework/src/Illuminate/Console/Command.php(182): Symfony/Component/Console/Command/Command->run()
#18 C:/Users/DELL/Downloads/flurzi cinema/flurzi cinema/flurzi cinema web app files/WebApp_Files/core/vendor/symfony/console/Application.php(1117): Illuminate/Console/Command->run()
#19 C:/Users/DELL/Downloads/flurzi cinema/flurzi cinema/flurzi cinema web app files/WebApp_Files/core/vendor/symfony/console/Application.php(356): Symfony/Component/Console/Application->doRunCommand()
#20 C:/Users/DELL/Downloads/flurzi cinema/flurzi cinema/flurzi cinema web app files/WebApp_Files/core/vendor/symfony/console/Application.php(195): Symfony/Component/Console/Application->doRun()
#21 C:/Users/DELL/Downloads/flurzi cinema/flurzi cinema/flurzi cinema web app files/WebApp_Files/core/vendor/laravel/framework/src/Illuminate/Foundation/Console/Kernel.php(198): Symfony/Component/Console/Application->run()
#22 C:/Users/DELL/Downloads/flurzi cinema/flurzi cinema/flurzi cinema web app files/WebApp_Files/core/vendor/laravel/framework/src/Illuminate/Foundation/Application.php(1235): Illuminate/Foundation/Console/Kernel->handle()
#23 C:/Users/DELL/Downloads/flurzi cinema/flurzi cinema/flurzi cinema web app files/WebApp_Files/core/artisan(13): Illuminate/Foundation/Application->handleCommand()
#24 {main}
"} 
[2026-04-02 08:43:00] production.ERROR: could not find driver (Connection: sqlite, SQL: PRAGMA foreign_keys = ON;) {"exception":"[object] (Illuminate\\Database\\QueryException(code: 0): could not find driver (Connection: sqlite, SQL: PRAGMA foreign_keys = ON;) at C:/Users/DELL/Downloads/flurzi cinema/flurzi cinema/flurzi cinema web app files/WebApp_Files/core/vendor/laravel/framework/src/Illuminate/Database/Connection.php:825)
[stacktrace]
#0 C:/Users/DELL/Downloads/flurzi cinema/flurzi cinema/flurzi cinema web app files/WebApp_Files/core/vendor/laravel/framework/src/Illuminate/Database/Connection.php(779): Illuminate/Database/Connection->runQueryCallback()
#1 C:/Users/DELL/Downloads/flurzi cinema/flurzi cinema/flurzi cinema web app files/WebApp_Files/core/vendor/laravel/framework/src/Illuminate/Database/Connection.php(560): Illuminate/Database/Connection->run()
#2 C:/Users/DELL/Downloads/flurzi cinema/flurzi cinema/flurzi cinema web app files/WebApp_Files/core/vendor/laravel/framework/src/Illuminate/Database/Schema/Builder.php(522): Illuminate/Database/Connection->statement()
#3 C:/Users/DELL/Downloads/flurzi cinema/flurzi cinema/flurzi cinema web app files/WebApp_Files/core/vendor/laravel/framework/src/Illuminate/Database/SQLiteConnection.php(59): Illuminate/Database/Schema/Builder->enableForeignKeyConstraints()
#4 C:/Users/DELL/Downloads/flurzi cinema/flurzi cinema/flurzi cinema web app files/WebApp_Files/core/vendor/laravel/framework/src/Illuminate/Database/SQLiteConnection.php(28): Illuminate/Database/SQLiteConnection->configureForeignKeyConstraints()
#5 C:/Users/DELL/Downloads/flurzi cinema/flurzi cinema/flurzi cinema web app files/WebApp_Files/core/vendor/laravel/framework/src/Illuminate/Database/Connectors/ConnectionFactory.php(277): Illuminate/Database/SQLiteConnection->__construct()
#6 C:/Users/DELL/Downloads/flurzi cinema/flurzi cinema/flurzi cinema web app files/WebApp_Files/core/vendor/laravel/framework/src/Illuminate/Database/Connectors/ConnectionFactory.php(76): Illuminate/Database/Connectors/ConnectionFactory->createConnection()
#7 C:/Users/DELL/Downloads/flurzi cinema/flurzi cinema/flurzi cinema web app files/WebApp_Files/core/vendor/laravel/framework/src/Illuminate/Database/Connectors/ConnectionFactory.php(51): Illuminate/Database/Connectors/ConnectionFactory->createSingleConnection()
#8 C:/Users/DELL/Downloads/flurzi cinema/flurzi cinema/flurzi cinema web app files/WebApp_Files/core/vendor/laravel/framework/src/Illuminate/Database/DatabaseManager.php(207): Illuminate/Database/Connectors/ConnectionFactory->make()
#9 C:/Users/DELL/Downloads/flurzi cinema/flurzi cinema/flurzi cinema web app files/WebApp_Files/core/vendor/laravel/framework/src/Illuminate/Database/DatabaseManager.php(103): Illuminate/Database/DatabaseManager->makeConnection()
#10 C:/Users/DELL/Downloads/flurzi cinema/flurzi cinema/flurzi cinema web app files/WebApp_Files/core/vendor/laravel/framework/src/Illuminate/Database/Eloquent/Model.php(1851): Illuminate/Database/DatabaseManager->connection()
#11 C:/Users/DELL/Downloads/flurzi cinema/flurzi cinema/flurzi cinema web app files/WebApp_Files/core/vendor/laravel/framework/src/Illuminate/Database/Eloquent/Model.php(1817): Illuminate/Database/Eloquent/Model::resolveConnection()
#12 C:/Users/DELL/Downloads/flurzi cinema/flurzi cinema/flurzi cinema web app files/WebApp_Files/core/vendor/laravel/framework/src/Illuminate/Database/Eloquent/Model.php(1615): Illuminate/Database/Eloquent/Model->getConnection()
#13 C:/Users/DELL/Downloads/flurzi cinema/flurzi cinema/flurzi cinema web app files/WebApp_Files/core/vendor/laravel/framework/src/Illuminate/Database/Eloquent/Model.php(1534): Illuminate/Database/Eloquent/Model->newBaseQueryBuilder()
#14 C:/Users/DELL/Downloads/flurzi cinema/flurzi cinema/flurzi cinema web app files/WebApp_Files/core/vendor/laravel/framework/src/Illuminate/Database/Eloquent/Model.php(1570): Illuminate/Database/Eloquent/Model->newModelQuery()
#15 C:/Users/DELL/Downloads/flurzi cinema/flurzi cinema/flurzi cinema web app files/WebApp_Files/core/vendor/laravel/framework/src/Illuminate/Database/Eloquent/Model.php(1523): Illuminate/Database/Eloquent/Model->newQueryWithoutScopes()
#16 C:/Users/DELL/Downloads/flurzi cinema/flurzi cinema/flurzi cinema web app files/WebApp_Files/core/vendor/laravel/framework/src/Illuminate/Database/Eloquent/Model.php(2372): Illuminate/Database/Eloquent/Model->newQuery()
#17 C:/Users/DELL/Downloads/flurzi cinema/flurzi cinema/flurzi cinema web app files/WebApp_Files/core/vendor/laravel/framework/src/Illuminate/Database/Eloquent/Model.php(2384): Illuminate/Database/Eloquent/Model->__call()
#18 C:/Users/DELL/Downloads/flurzi cinema/flurzi cinema/flurzi cinema web app files/WebApp_Files/core/vendor/laramin/utility/src/Helpmate.php(13): Illuminate/Database/Eloquent/Model::__callStatic()
#19 C:/Users/DELL/Downloads/flurzi cinema/flurzi cinema/flurzi cinema web app files/WebApp_Files/core/vendor/laramin/utility/src/Utility.php(11): Laramin/Utility/Helpmate::sysPass()
#20 C:/Users/DELL/Downloads/flurzi cinema/flurzi cinema/flurzi cinema web app files/WebApp_Files/core/vendor/laravel/framework/src/Illuminate/Pipeline/Pipeline.php(209): Laramin/Utility/Utility->handle()
#21 C:/Users/DELL/Downloads/flurzi cinema/flurzi cinema/flurzi cinema web app files/WebApp_Files/core/vendor/laravel/framework/src/Illuminate/Pipeline/Pipeline.php(127): Illuminate/Pipeline/Pipeline->Illuminate/Pipeline/{closure}()
#22 C:/Users/DELL/Downloads/flurzi cinema/flurzi cinema/flurzi cinema web app files/WebApp_Files/core/vendor/laravel/framework/src/Illuminate/Foundation/Http/Kernel.php(176): Illuminate/Pipeline/Pipeline->then()
#23 C:/Users/DELL/Downloads/flurzi cinema/flurzi cinema/flurzi cinema web app files/WebApp_Files/core/vendor/laravel/framework/src/Illuminate/Foundation/Http/Kernel.php(145): Illuminate/Foundation/Http/Kernel->sendRequestThroughRouter()
#24 C:/Users/DELL/Downloads/flurzi cinema/flurzi cinema/flurzi cinema web app files/WebApp_Files/core/public/index.php(16): Illuminate/Foundation/Http/Kernel->handle()
#25 C:/Users/DELL/Downloads/flurzi cinema/flurzi cinema/flurzi cinema web app files/WebApp_Files/core/vendor/laravel/framework/src/Illuminate/Foundation/resources/server.php(23): require_once('...')
#26 {main}

[previous exception] [object] (PDOException(code: 0): could not find driver at C:/Users/DELL/Downloads/flurzi cinema/flurzi cinema/flurzi cinema web app files/WebApp_Files/core/vendor/laravel/framework/src/Illuminate/Database/Connectors/Connector.php:66)
[stacktrace]
#0 C:/Users/DELL/Downloads/flurzi cinema/flurzi cinema/flurzi cinema web app files/WebApp_Files/core/vendor/laravel/framework/src/Illuminate/Database/Connectors/Connector.php(66): PDO->__construct()
#1 C:/Users/DELL/Downloads/flurzi cinema/flurzi cinema/flurzi cinema web app files/WebApp_Files/core/vendor/laravel/framework/src/Illuminate/Database/Connectors/Connector.php(44): Illuminate/Database/Connectors/Connector->createPdoConnection()
#2 C:/Users/DELL/Downloads/flurzi cinema/flurzi cinema/flurzi cinema web app files/WebApp_Files/core/vendor/laravel/framework/src/Illuminate/Database/Connectors/SQLiteConnector.php(40): Illuminate/Database/Connectors/Connector->createConnection()
#3 C:/Users/DELL/Downloads/flurzi cinema/flurzi cinema/flurzi cinema web app files/WebApp_Files/core/vendor/laravel/framework/src/Illuminate/Database/Connectors/ConnectionFactory.php(224): Illuminate/Database/Connectors/SQLiteConnector->connect()
#4 [internal function]: Illuminate/Database/Connectors/ConnectionFactory->Illuminate/Database/Connectors/{closure}()
#5 C:/Users/DELL/Downloads/flurzi cinema/flurzi cinema/flurzi cinema web app files/WebApp_Files/core/vendor/laravel/framework/src/Illuminate/Database/Connection.php(1231): call_user_func()
#6 C:/Users/DELL/Downloads/flurzi cinema/flurzi cinema/flurzi cinema web app files/WebApp_Files/core/vendor/laravel/framework/src/Illuminate/Database/Connection.php(565): Illuminate/Database/Connection->getPdo()
#7 C:/Users/DELL/Downloads/flurzi cinema/flurzi cinema/flurzi cinema web app files/WebApp_Files/core/vendor/laravel/framework/src/Illuminate/Database/Connection.php(812): Illuminate/Database/Connection->Illuminate/Database/{closure}()
#8 C:/Users/DELL/Downloads/flurzi cinema/flurzi cinema/flurzi cinema web app files/WebApp_Files/core/vendor/laravel/framework/src/Illuminate/Database/Connection.php(779): Illuminate/Database/Connection->runQueryCallback()
#9 C:/Users/DELL/Downloads/flurzi cinema/flurzi cinema/flurzi cinema web app files/WebApp_Files/core/vendor/laravel/framework/src/Illuminate/Database/Connection.php(560): Illuminate/Database/Connection->run()
#10 C:/Users/DELL/Downloads/flurzi cinema/flurzi cinema/flurzi cinema web app files/WebApp_Files/core/vendor/laravel/framework/src/Illuminate/Database/Schema/Builder.php(522): Illuminate/Database/Connection->statement()
#11 C:/Users/DELL/Downloads/flurzi cinema/flurzi cinema/flurzi cinema web app files/WebApp_Files/core/vendor/laravel/framework/src/Illuminate/Database/SQLiteConnection.php(59): Illuminate/Database/Schema/Builder->enableForeignKeyConstraints()
#12 C:/Users/DELL/Downloads/flurzi cinema/flurzi cinema/flurzi cinema web app files/WebApp_Files/core/vendor/laravel/framework/src/Illuminate/Database/SQLiteConnection.php(28): Illuminate/Database/SQLiteConnection->configureForeignKeyConstraints()
#13 C:/Users/DELL/Downloads/flurzi cinema/flurzi cinema/flurzi cinema web app files/WebApp_Files/core/vendor/laravel/framework/src/Illuminate/Database/Connectors/ConnectionFactory.php(277): Illuminate/Database/SQLiteConnection->__construct()
#14 C:/Users/DELL/Downloads/flurzi cinema/flurzi cinema/flurzi cinema web app files/WebApp_Files/core/vendor/laravel/framework/src/Illuminate/Database/Connectors/ConnectionFactory.php(76): Illuminate/Database/Connectors/ConnectionFactory->createConnection()
#15 C:/Users/DELL/Downloads/flurzi cinema/flurzi cinema/flurzi cinema web app files/WebApp_Files/core/vendor/laravel/framework/src/Illuminate/Database/Connectors/ConnectionFactory.php(51): Illuminate/Database/Connectors/ConnectionFactory->createSingleConnection()
#16 C:/Users/DELL/Downloads/flurzi cinema/flurzi cinema/flurzi cinema web app files/WebApp_Files/core/vendor/laravel/framework/src/Illuminate/Database/DatabaseManager.php(207): Illuminate/Database/Connectors/ConnectionFactory->make()
#17 C:/Users/DELL/Downloads/flurzi cinema/flurzi cinema/flurzi cinema web app files/WebApp_Files/core/vendor/laravel/framework/src/Illuminate/Database/DatabaseManager.php(103): Illuminate/Database/DatabaseManager->makeConnection()
#18 C:/Users/DELL/Downloads/flurzi cinema/flurzi cinema/flurzi cinema web app files/WebApp_Files/core/vendor/laravel/framework/src/Illuminate/Database/Eloquent/Model.php(1851): Illuminate/Database/DatabaseManager->connection()
#19 C:/Users/DELL/Downloads/flurzi cinema/flurzi cinema/flurzi cinema web app files/WebApp_Files/core/vendor/laravel/framework/src/Illuminate/Database/Eloquent/Model.php(1817): Illuminate/Database/Eloquent/Model::resolveConnection()
#20 C:/Users/DELL/Downloads/flurzi cinema/flurzi cinema/flurzi cinema web app files/WebApp_Files/core/vendor/laravel/framework/src/Illuminate/Database/Eloquent/Model.php(1615): Illuminate/Database/Eloquent/Model->getConnection()
#21 C:/Users/DELL/Downloads/flurzi cinema/flurzi cinema/flurzi cinema web app files/WebApp_Files/core/vendor/laravel/framework/src/Illuminate/Database/Eloquent/Model.php(1534): Illuminate/Database/Eloquent/Model->newBaseQueryBuilder()
#22 C:/Users/DELL/Downloads/flurzi cinema/flurzi cinema/flurzi cinema web app files/WebApp_Files/core/vendor/laravel/framework/src/Illuminate/Database/Eloquent/Model.php(1570): Illuminate/Database/Eloquent/Model->newModelQuery()
#23 C:/Users/DELL/Downloads/flurzi cinema/flurzi cinema/flurzi cinema web app files/WebApp_Files/core/vendor/laravel/framework/src/Illuminate/Database/Eloquent/Model.php(1523): Illuminate/Database/Eloquent/Model->newQueryWithoutScopes()
#24 C:/Users/DELL/Downloads/flurzi cinema/flurzi cinema/flurzi cinema web app files/WebApp_Files/core/vendor/laravel/framework/src/Illuminate/Database/Eloquent/Model.php(2372): Illuminate/Database/Eloquent/Model->newQuery()
#25 C:/Users/DELL/Downloads/flurzi cinema/flurzi cinema/flurzi cinema web app files/WebApp_Files/core/vendor/laravel/framework/src/Illuminate/Database/Eloquent/Model.php(2384): Illuminate/Database/Eloquent/Model->__call()
#26 C:/Users/DELL/Downloads/flurzi cinema/flurzi cinema/flurzi cinema web app files/WebApp_Files/core/vendor/laramin/utility/src/Helpmate.php(13): Illuminate/Database/Eloquent/Model::__callStatic()
#27 C:/Users/DELL/Downloads/flurzi cinema/flurzi cinema/flurzi cinema web app files/WebApp_Files/core/vendor/laramin/utility/src/Utility.php(11): Laramin/Utility/Helpmate::sysPass()
#28 C:/Users/DELL/Downloads/flurzi cinema/flurzi cinema/flurzi cinema web app files/WebApp_Files/core/vendor/laravel/framework/src/Illuminate/Pipeline/Pipeline.php(209): Laramin/Utility/Utility->handle()
#29 C:/Users/DELL/Downloads/flurzi cinema/flurzi cinema/flurzi cinema web app files/WebApp_Files/core/vendor/laravel/framework/src/Illuminate/Pipeline/Pipeline.php(127): Illuminate/Pipeline/Pipeline->Illuminate/Pipeline/{closure}()
#30 C:/Users/DELL/Downloads/flurzi cinema/flurzi cinema/flurzi cinema web app files/WebApp_Files/core/vendor/laravel/framework/src/Illuminate/Foundation/Http/Kernel.php(176): Illuminate/Pipeline/Pipeline->then()
#31 C:/Users/DELL/Downloads/flurzi cinema/flurzi cinema/flurzi cinema web app files/WebApp_Files/core/vendor/laravel/framework/src/Illuminate/Foundation/Http/Kernel.php(145): Illuminate/Foundation/Http/Kernel->sendRequestThroughRouter()
#32 C:/Users/DELL/Downloads/flurzi cinema/flurzi cinema/flurzi cinema web app files/WebApp_Files/core/public/index.php(16): Illuminate/Foundation/Http/Kernel->handle()
#33 C:/Users/DELL/Downloads/flurzi cinema/flurzi cinema/flurzi cinema web app files/WebApp_Files/core/vendor/laravel/framework/src/Illuminate/Foundation/resources/server.php(23): require_once('...')
#34 {main}
"} 
[2026-04-02 08:43:09] production.ERROR: could not find driver (Connection: sqlite, SQL: PRAGMA foreign_keys = ON;) {"exception":"[object] (Spatie\\LaravelIgnition\\Exceptions\\ViewException(code: 0): could not find driver (Connection: sqlite, SQL: PRAGMA foreign_keys = ON;) at C:/Users/DELL/Downloads/flurzi cinema/flurzi cinema/flurzi cinema web app files/WebApp_Files/core/vendor/laravel/framework/src/Illuminate/Database/Connection.php:825)
[stacktrace]
#0 C:/Users/DELL/Downloads/flurzi cinema/flurzi cinema/flurzi cinema web app files/WebApp_Files/core/vendor/laravel/framework/src/Illuminate/Database/Connection.php(779): Illuminate/Database/Connection->runQueryCallback()
#1 C:/Users/DELL/Downloads/flurzi cinema/flurzi cinema/flurzi cinema web app files/WebApp_Files/core/vendor/laravel/framework/src/Illuminate/Database/Connection.php(560): Illuminate/Database/Connection->run()
#2 C:/Users/DELL/Downloads/flurzi cinema/flurzi cinema/flurzi cinema web app files/WebApp_Files/core/vendor/laravel/framework/src/Illuminate/Database/Schema/Builder.php(522): Illuminate/Database/Connection->statement()
#3 C:/Users/DELL/Downloads/flurzi cinema/flurzi cinema/flurzi cinema web app files/WebApp_Files/core/vendor/laravel/framework/src/Illuminate/Database/SQLiteConnection.php(59): Illuminate/Database/Schema/Builder->enableForeignKeyConstraints()
#4 C:/Users/DELL/Downloads/flurzi cinema/flurzi cinema/flurzi cinema web app files/WebApp_Files/core/vendor/laravel/framework/src/Illuminate/Database/SQLiteConnection.php(28): Illuminate/Database/SQLiteConnection->configureForeignKeyConstraints()
#5 C:/Users/DELL/Downloads/flurzi cinema/flurzi cinema/flurzi cinema web app files/WebApp_Files/core/vendor/laravel/framework/src/Illuminate/Database/Connectors/ConnectionFactory.php(277): Illuminate/Database/SQLiteConnection->__construct()
#6 C:/Users/DELL/Downloads/flurzi cinema/flurzi cinema/flurzi cinema web app files/WebApp_Files/core/vendor/laravel/framework/src/Illuminate/Database/Connectors/ConnectionFactory.php(76): Illuminate/Database/Connectors/ConnectionFactory->createConnection()
#7 C:/Users/DELL/Downloads/flurzi cinema/flurzi cinema/flurzi cinema web app files/WebApp_Files/core/vendor/laravel/framework/src/Illuminate/Database/Connectors/ConnectionFactory.php(51): Illuminate/Database/Connectors/ConnectionFactory->createSingleConnection()
#8 C:/Users/DELL/Downloads/flurzi cinema/flurzi cinema/flurzi cinema web app files/WebApp_Files/core/vendor/laravel/framework/src/Illuminate/Database/DatabaseManager.php(207): Illuminate/Database/Connectors/ConnectionFactory->make()
#9 C:/Users/DELL/Downloads/flurzi cinema/flurzi cinema/flurzi cinema web app files/WebApp_Files/core/vendor/laravel/framework/src/Illuminate/Database/DatabaseManager.php(103): Illuminate/Database/DatabaseManager->makeConnection()
#10 C:/Users/DELL/Downloads/flurzi cinema/flurzi cinema/flurzi cinema web app files/WebApp_Files/core/vendor/laravel/framework/src/Illuminate/Database/Eloquent/Model.php(1851): Illuminate/Database/DatabaseManager->connection()
#11 C:/Users/DELL/Downloads/flurzi cinema/flurzi cinema/flurzi cinema web app files/WebApp_Files/core/vendor/laravel/framework/src/Illuminate/Database/Eloquent/Model.php(1817): Illuminate/Database/Eloquent/Model::resolveConnection()
#12 C:/Users/DELL/Downloads/flurzi cinema/flurzi cinema/flurzi cinema web app files/WebApp_Files/core/vendor/laravel/framework/src/Illuminate/Database/Eloquent/Model.php(1615): Illuminate/Database/Eloquent/Model->getConnection()
#13 C:/Users/DELL/Downloads/flurzi cinema/flurzi cinema/flurzi cinema web app files/WebApp_Files/core/vendor/laravel/framework/src/Illuminate/Database/Eloquent/Model.php(1534): Illuminate/Database/Eloquent/Model->newBaseQueryBuilder()
#14 C:/Users/DELL/Downloads/flurzi cinema/flurzi cinema/flurzi cinema web app files/WebApp_Files/core/vendor/laravel/framework/src/Illuminate/Database/Eloquent/Model.php(1570): Illuminate/Database/Eloquent/Model->newModelQuery()
#15 C:/Users/DELL/Downloads/flurzi cinema/flurzi cinema/flurzi cinema web app files/WebApp_Files/core/vendor/laravel/framework/src/Illuminate/Database/Eloquent/Model.php(1523): Illuminate/Database/Eloquent/Model->newQueryWithoutScopes()
#16 C:/Users/DELL/Downloads/flurzi cinema/flurzi cinema/flurzi cinema web app files/WebApp_Files/core/vendor/laravel/framework/src/Illuminate/Database/Eloquent/Model.php(2372): Illuminate/Database/Eloquent/Model->newQuery()
#17 C:/Users/DELL/Downloads/flurzi cinema/flurzi cinema/flurzi cinema web app files/WebApp_Files/core/vendor/laravel/framework/src/Illuminate/Database/Eloquent/Model.php(2384): Illuminate/Database/Eloquent/Model->__call()
#18 C:/Users/DELL/Downloads/flurzi cinema/flurzi cinema/flurzi cinema web app files/WebApp_Files/core/app/Http/Helpers/helpers.php(440): Illuminate/Database/Eloquent/Model::__callStatic()
#19 C:/Users/DELL/Downloads/flurzi cinema/flurzi cinema/flurzi cinema web app files/WebApp_Files/core/resources/views/errors/500.blade.php(8): gs()
#20 C:/Users/DELL/Downloads/flurzi cinema/flurzi cinema/flurzi cinema web app files/WebApp_Files/core/vendor/laravel/framework/src/Illuminate/Filesystem/Filesystem.php(123): require('...')
#21 C:/Users/DELL/Downloads/flurzi cinema/flurzi cinema/flurzi cinema web app files/WebApp_Files/core/vendor/laravel/framework/src/Illuminate/Filesystem/Filesystem.php(124): Illuminate/Filesystem/Filesystem::Illuminate/Filesystem/{closure}()
#22 C:/Users/DELL/Downloads/flurzi cinema/flurzi cinema/flurzi cinema web app files/WebApp_Files/core/vendor/laravel/framework/src/Illuminate/View/Engines/PhpEngine.php(58): Illuminate/Filesystem/Filesystem->getRequire()
#23 C:/Users/DELL/Downloads/flurzi cinema/flurzi cinema/flurzi cinema web app files/WebApp_Files/core/vendor/laravel/framework/src/Illuminate/View/Engines/CompilerEngine.php(75): Illuminate/View/Engines/PhpEngine->evaluatePath()
#24 C:/Users/DELL/Downloads/flurzi cinema/flurzi cinema/flurzi cinema web app files/WebApp_Files/core/vendor/laravel/framework/src/Illuminate/View/View.php(209): Illuminate/View/Engines/CompilerEngine->get()
#25 C:/Users/DELL/Downloads/flurzi cinema/flurzi cinema/flurzi cinema web app files/WebApp_Files/core/vendor/laravel/framework/src/Illuminate/View/View.php(192): Illuminate/View/View->getContents()
#26 C:/Users/DELL/Downloads/flurzi cinema/flurzi cinema/flurzi cinema web app files/WebApp_Files/core/vendor/laravel/framework/src/Illuminate/View/View.php(161): Illuminate/View/View->renderContents()
#27 C:/Users/DELL/Downloads/flurzi cinema/flurzi cinema/flurzi cinema web app files/WebApp_Files/core/vendor/laravel/framework/src/Illuminate/Http/Response.php(79): Illuminate/View/View->render()
#28 C:/Users/DELL/Downloads/flurzi cinema/flurzi cinema/flurzi cinema web app files/WebApp_Files/core/vendor/laravel/framework/src/Illuminate/Http/Response.php(35): Illuminate/Http/Response->setContent()
#29 C:/Users/DELL/Downloads/flurzi cinema/flurzi cinema/flurzi cinema web app files/WebApp_Files/core/vendor/laravel/framework/src/Illuminate/Routing/ResponseFactory.php(60): Illuminate/Http/Response->__construct()
#30 C:/Users/DELL/Downloads/flurzi cinema/flurzi cinema/flurzi cinema web app files/WebApp_Files/core/vendor/laravel/framework/src/Illuminate/Routing/ResponseFactory.php(90): Illuminate/Routing/ResponseFactory->make()
#31 C:/Users/DELL/Downloads/flurzi cinema/flurzi cinema/flurzi cinema web app files/WebApp_Files/core/vendor/laravel/framework/src/Illuminate/Foundation/Exceptions/Handler.php(894): Illuminate/Routing/ResponseFactory->view()
#32 C:/Users/DELL/Downloads/flurzi cinema/flurzi cinema/flurzi cinema web app files/WebApp_Files/core/vendor/laravel/framework/src/Illuminate/Foundation/Exceptions/Handler.php(815): Illuminate/Foundation/Exceptions/Handler->renderHttpException()
#33 C:/Users/DELL/Downloads/flurzi cinema/flurzi cinema/flurzi cinema web app files/WebApp_Files/core/vendor/laravel/framework/src/Illuminate/Foundation/Exceptions/Handler.php(706): Illuminate/Foundation/Exceptions/Handler->prepareResponse()
#34 C:/Users/DELL/Downloads/flurzi cinema/flurzi cinema/flurzi cinema web app files/WebApp_Files/core/vendor/laravel/framework/src/Illuminate/Foundation/Exceptions/Handler.php(594): Illuminate/Foundation/Exceptions/Handler->renderExceptionResponse()
#35 C:/Users/DELL/Downloads/flurzi cinema/flurzi cinema/flurzi cinema web app files/WebApp_Files/core/vendor/laravel/framework/src/Illuminate/Routing/Pipeline.php(51): Illuminate/Foundation/Exceptions/Handler->render()
#36 C:/Users/DELL/Downloads/flurzi cinema/flurzi cinema/flurzi cinema web app files/WebApp_Files/core/vendor/laravel/framework/src/Illuminate/Pipeline/Pipeline.php(214): Illuminate/Routing/Pipeline->handleException()
#37 C:/Users/DELL/Downloads/flurzi cinema/flurzi cinema/flurzi cinema web app files/WebApp_Files/core/vendor/laravel/framework/src/Illuminate/Pipeline/Pipeline.php(127): Illuminate/Pipeline/Pipeline->Illuminate/Pipeline/{closure}()
#38 C:/Users/DELL/Downloads/flurzi cinema/flurzi cinema/flurzi cinema web app files/WebApp_Files/core/vendor/laravel/framework/src/Illuminate/Foundation/Http/Kernel.php(176): Illuminate/Pipeline/Pipeline->then()
#39 C:/Users/DELL/Downloads/flurzi cinema/flurzi cinema/flurzi cinema web app files/WebApp_Files/core/vendor/laravel/framework/src/Illuminate/Foundation/Http/Kernel.php(145): Illuminate/Foundation/Http/Kernel->sendRequestThroughRouter()
#40 C:/Users/DELL/Downloads/flurzi cinema/flurzi cinema/flurzi cinema web app files/WebApp_Files/core/public/index.php(16): Illuminate/Foundation/Http/Kernel->handle()
#41 C:/Users/DELL/Downloads/flurzi cinema/flurzi cinema/flurzi cinema web app files/WebApp_Files/core/vendor/laravel/framework/src/Illuminate/Foundation/resources/server.php(23): require_once('...')
#42 {main}

[previous exception] [object] (Illuminate\\Database\\QueryException(code: 0): could not find driver (Connection: sqlite, SQL: PRAGMA foreign_keys = ON;) at C:/Users/DELL/Downloads/flurzi cinema/flurzi cinema/flurzi cinema web app files/WebApp_Files/core/vendor/laravel/framework/src/Illuminate/Database/Connection.php:825)
[stacktrace]
#0 C:/Users/DELL/Downloads/flurzi cinema/flurzi cinema/flurzi cinema web app files/WebApp_Files/core/vendor/laravel/framework/src/Illuminate/Database/Connection.php(779): Illuminate/Database/Connection->runQueryCallback()
#1 C:/Users/DELL/Downloads/flurzi cinema/flurzi cinema/flurzi cinema web app files/WebApp_Files/core/vendor/laravel/framework/src/Illuminate/Database/Connection.php(560): Illuminate/Database/Connection->run()
#2 C:/Users/DELL/Downloads/flurzi cinema/flurzi cinema/flurzi cinema web app files/WebApp_Files/core/vendor/laravel/framework/src/Illuminate/Database/Schema/Builder.php(522): Illuminate/Database/Connection->statement()
#3 C:/Users/DELL/Downloads/flurzi cinema/flurzi cinema/flurzi cinema web app files/WebApp_Files/core/vendor/laravel/framework/src/Illuminate/Database/SQLiteConnection.php(59): Illuminate/Database/Schema/Builder->enableForeignKeyConstraints()
#4 C:/Users/DELL/Downloads/flurzi cinema/flurzi cinema/flurzi cinema web app files/WebApp_Files/core/vendor/laravel/framework/src/Illuminate/Database/SQLiteConnection.php(28): Illuminate/Database/SQLiteConnection->configureForeignKeyConstraints()
#5 C:/Users/DELL/Downloads/flurzi cinema/flurzi cinema/flurzi cinema web app files/WebApp_Files/core/vendor/laravel/framework/src/Illuminate/Database/Connectors/ConnectionFactory.php(277): Illuminate/Database/SQLiteConnection->__construct()
#6 C:/Users/DELL/Downloads/flurzi cinema/flurzi cinema/flurzi cinema web app files/WebApp_Files/core/vendor/laravel/framework/src/Illuminate/Database/Connectors/ConnectionFactory.php(76): Illuminate/Database/Connectors/ConnectionFactory->createConnection()
#7 C:/Users/DELL/Downloads/flurzi cinema/flurzi cinema/flurzi cinema web app files/WebApp_Files/core/vendor/laravel/framework/src/Illuminate/Database/Connectors/ConnectionFactory.php(51): Illuminate/Database/Connectors/ConnectionFactory->createSingleConnection()
#8 C:/Users/DELL/Downloads/flurzi cinema/flurzi cinema/flurzi cinema web app files/WebApp_Files/core/vendor/laravel/framework/src/Illuminate/Database/DatabaseManager.php(207): Illuminate/Database/Connectors/ConnectionFactory->make()
#9 C:/Users/DELL/Downloads/flurzi cinema/flurzi cinema/flurzi cinema web app files/WebApp_Files/core/vendor/laravel/framework/src/Illuminate/Database/DatabaseManager.php(103): Illuminate/Database/DatabaseManager->makeConnection()
#10 C:/Users/DELL/Downloads/flurzi cinema/flurzi cinema/flurzi cinema web app files/WebApp_Files/core/vendor/laravel/framework/src/Illuminate/Database/Eloquent/Model.php(1851): Illuminate/Database/DatabaseManager->connection()
#11 C:/Users/DELL/Downloads/flurzi cinema/flurzi cinema/flurzi cinema web app files/WebApp_Files/core/vendor/laravel/framework/src/Illuminate/Database/Eloquent/Model.php(1817): Illuminate/Database/Eloquent/Model::resolveConnection()
#12 C:/Users/DELL/Downloads/flurzi cinema/flurzi cinema/flurzi cinema web app files/WebApp_Files/core/vendor/laravel/framework/src/Illuminate/Database/Eloquent/Model.php(1615): Illuminate/Database/Eloquent/Model->getConnection()
#13 C:/Users/DELL/Downloads/flurzi cinema/flurzi cinema/flurzi cinema web app files/WebApp_Files/core/vendor/laravel/framework/src/Illuminate/Database/Eloquent/Model.php(1534): Illuminate/Database/Eloquent/Model->newBaseQueryBuilder()
#14 C:/Users/DELL/Downloads/flurzi cinema/flurzi cinema/flurzi cinema web app files/WebApp_Files/core/vendor/laravel/framework/src/Illuminate/Database/Eloquent/Model.php(1570): Illuminate/Database/Eloquent/Model->newModelQuery()
#15 C:/Users/DELL/Downloads/flurzi cinema/flurzi cinema/flurzi cinema web app files/WebApp_Files/core/vendor/laravel/framework/src/Illuminate/Database/Eloquent/Model.php(1523): Illuminate/Database/Eloquent/Model->newQueryWithoutScopes()
#16 C:/Users/DELL/Downloads/flurzi cinema/flurzi cinema/flurzi cinema web app files/WebApp_Files/core/vendor/laravel/framework/src/Illuminate/Database/Eloquent/Model.php(2372): Illuminate/Database/Eloquent/Model->newQuery()
#17 C:/Users/DELL/Downloads/flurzi cinema/flurzi cinema/flurzi cinema web app files/WebApp_Files/core/vendor/laravel/framework/src/Illuminate/Database/Eloquent/Model.php(2384): Illuminate/Database/Eloquent/Model->__call()
#18 C:/Users/DELL/Downloads/flurzi cinema/flurzi cinema/flurzi cinema web app files/WebApp_Files/core/app/Http/Helpers/helpers.php(440): Illuminate/Database/Eloquent/Model::__callStatic()
#19 C:/Users/DELL/Downloads/flurzi cinema/flurzi cinema/flurzi cinema web app files/WebApp_Files/core/storage/framework/views/cd072571a22f55120421744fc43728e9.php(8): gs()
#20 C:/Users/DELL/Downloads/flurzi cinema/flurzi cinema/flurzi cinema web app files/WebApp_Files/core/vendor/laravel/framework/src/Illuminate/Filesystem/Filesystem.php(123): require('...')
#21 C:/Users/DELL/Downloads/flurzi cinema/flurzi cinema/flurzi cinema web app files/WebApp_Files/core/vendor/laravel/framework/src/Illuminate/Filesystem/Filesystem.php(124): Illuminate/Filesystem/Filesystem::Illuminate/Filesystem/{closure}()
#22 C:/Users/DELL/Downloads/flurzi cinema/flurzi cinema/flurzi cinema web app files/WebApp_Files/core/vendor/laravel/framework/src/Illuminate/View/Engines/PhpEngine.php(58): Illuminate/Filesystem/Filesystem->getRequire()
#23 C:/Users/DELL/Downloads/flurzi cinema/flurzi cinema/flurzi cinema web app files/WebApp_Files/core/vendor/laravel/framework/src/Illuminate/View/Engines/CompilerEngine.php(75): Illuminate/View/Engines/PhpEngine->evaluatePath()
#24 C:/Users/DELL/Downloads/flurzi cinema/flurzi cinema/flurzi cinema web app files/WebApp_Files/core/vendor/laravel/framework/src/Illuminate/View/View.php(209): Illuminate/View/Engines/CompilerEngine->get()
#25 C:/Users/DELL/Downloads/flurzi cinema/flurzi cinema/flurzi cinema web app files/WebApp_Files/core/vendor/laravel/framework/src/Illuminate/View/View.php(192): Illuminate/View/View->getContents()
#26 C:/Users/DELL/Downloads/flurzi cinema/flurzi cinema/flurzi cinema web app files/WebApp_Files/core/vendor/laravel/framework/src/Illuminate/View/View.php(161): Illuminate/View/View->renderContents()
#27 C:/Users/DELL/Downloads/flurzi cinema/flurzi cinema/flurzi cinema web app files/WebApp_Files/core/vendor/laravel/framework/src/Illuminate/Http/Response.php(79): Illuminate/View/View->render()
#28 C:/Users/DELL/Downloads/flurzi cinema/flurzi cinema/flurzi cinema web app files/WebApp_Files/core/vendor/laravel/framework/src/Illuminate/Http/Response.php(35): Illuminate/Http/Response->setContent()
#29 C:/Users/DELL/Downloads/flurzi cinema/flurzi cinema/flurzi cinema web app files/WebApp_Files/core/vendor/laravel/framework/src/Illuminate/Routing/ResponseFactory.php(60): Illuminate/Http/Response->__construct()
#30 C:/Users/DELL/Downloads/flurzi cinema/flurzi cinema/flurzi cinema web app files/WebApp_Files/core/vendor/laravel/framework/src/Illuminate/Routing/ResponseFactory.php(90): Illuminate/Routing/ResponseFactory->make()
#31 C:/Users/DELL/Downloads/flurzi cinema/flurzi cinema/flurzi cinema web app files/WebApp_Files/core/vendor/laravel/framework/src/Illuminate/Foundation/Exceptions/Handler.php(894): Illuminate/Routing/ResponseFactory->view()
#32 C:/Users/DELL/Downloads/flurzi cinema/flurzi cinema/flurzi cinema web app files/WebApp_Files/core/vendor/laravel/framework/src/Illuminate/Foundation/Exceptions/Handler.php(815): Illuminate/Foundation/Exceptions/Handler->renderHttpException()
#33 C:/Users/DELL/Downloads/flurzi cinema/flurzi cinema/flurzi cinema web app files/WebApp_Files/core/vendor/laravel/framework/src/Illuminate/Foundation/Exceptions/Handler.php(706): Illuminate/Foundation/Exceptions/Handler->prepareResponse()
#34 C:/Users/DELL/Downloads/flurzi cinema/flurzi cinema/flurzi cinema web app files/WebApp_Files/core/vendor/laravel/framework/src/Illuminate/Foundation/Exceptions/Handler.php(594): Illuminate/Foundation/Exceptions/Handler->renderExceptionResponse()
#35 C:/Users/DELL/Downloads/flurzi cinema/flurzi cinema/flurzi cinema web app files/WebApp_Files/core/vendor/laravel/framework/src/Illuminate/Routing/Pipeline.php(51): Illuminate/Foundation/Exceptions/Handler->render()
#36 C:/Users/DELL/Downloads/flurzi cinema/flurzi cinema/flurzi cinema web app files/WebApp_Files/core/vendor/laravel/framework/src/Illuminate/Pipeline/Pipeline.php(214): Illuminate/Routing/Pipeline->handleException()
#37 C:/Users/DELL/Downloads/flurzi cinema/flurzi cinema/flurzi cinema web app files/WebApp_Files/core/vendor/laravel/framework/src/Illuminate/Pipeline/Pipeline.php(127): Illuminate/Pipeline/Pipeline->Illuminate/Pipeline/{closure}()
#38 C:/Users/DELL/Downloads/flurzi cinema/flurzi cinema/flurzi cinema web app files/WebApp_Files/core/vendor/laravel/framework/src/Illuminate/Foundation/Http/Kernel.php(176): Illuminate/Pipeline/Pipeline->then()
#39 C:/Users/DELL/Downloads/flurzi cinema/flurzi cinema/flurzi cinema web app files/WebApp_Files/core/vendor/laravel/framework/src/Illuminate/Foundation/Http/Kernel.php(145): Illuminate/Foundation/Http/Kernel->sendRequestThroughRouter()
#40 C:/Users/DELL/Downloads/flurzi cinema/flurzi cinema/flurzi cinema web app files/WebApp_Files/core/public/index.php(16): Illuminate/Foundation/Http/Kernel->handle()
#41 C:/Users/DELL/Downloads/flurzi cinema/flurzi cinema/flurzi cinema web app files/WebApp_Files/core/vendor/laravel/framework/src/Illuminate/Foundation/resources/server.php(23): require_once('...')
#42 {main}

[previous exception] [object] (PDOException(code: 0): could not find driver at C:/Users/DELL/Downloads/flurzi cinema/flurzi cinema/flurzi cinema web app files/WebApp_Files/core/vendor/laravel/framework/src/Illuminate/Database/Connectors/Connector.php:66)
[stacktrace]
#0 C:/Users/DELL/Downloads/flurzi cinema/flurzi cinema/flurzi cinema web app files/WebApp_Files/core/vendor/laravel/framework/src/Illuminate/Database/Connectors/Connector.php(66): PDO->__construct()
#1 C:/Users/DELL/Downloads/flurzi cinema/flurzi cinema/flurzi cinema web app files/WebApp_Files/core/vendor/laravel/framework/src/Illuminate/Database/Connectors/Connector.php(44): Illuminate/Database/Connectors/Connector->createPdoConnection()
#2 C:/Users/DELL/Downloads/flurzi cinema/flurzi cinema/flurzi cinema web app files/WebApp_Files/core/vendor/laravel/framework/src/Illuminate/Database/Connectors/SQLiteConnector.php(40): Illuminate/Database/Connectors/Connector->createConnection()
#3 C:/Users/DELL/Downloads/flurzi cinema/flurzi cinema/flurzi cinema web app files/WebApp_Files/core/vendor/laravel/framework/src/Illuminate/Database/Connectors/ConnectionFactory.php(224): Illuminate/Database/Connectors/SQLiteConnector->connect()
#4 [internal function]: Illuminate/Database/Connectors/ConnectionFactory->Illuminate/Database/Connectors/{closure}()
#5 C:/Users/DELL/Downloads/flurzi cinema/flurzi cinema/flurzi cinema web app files/WebApp_Files/core/vendor/laravel/framework/src/Illuminate/Database/Connection.php(1231): call_user_func()
#6 C:/Users/DELL/Downloads/flurzi cinema/flurzi cinema/flurzi cinema web app files/WebApp_Files/core/vendor/laravel/framework/src/Illuminate/Database/Connection.php(565): Illuminate/Database/Connection->getPdo()
#7 C:/Users/DELL/Downloads/flurzi cinema/flurzi cinema/flurzi cinema web app files/WebApp_Files/core/vendor/laravel/framework/src/Illuminate/Database/Connection.php(812): Illuminate/Database/Connection->Illuminate/Database/{closure}()
#8 C:/Users/DELL/Downloads/flurzi cinema/flurzi cinema/flurzi cinema web app files/WebApp_Files/core/vendor/laravel/framework/src/Illuminate/Database/Connection.php(779): Illuminate/Database/Connection->runQueryCallback()
#9 C:/Users/DELL/Downloads/flurzi cinema/flurzi cinema/flurzi cinema web app files/WebApp_Files/core/vendor/laravel/framework/src/Illuminate/Database/Connection.php(560): Illuminate/Database/Connection->run()
#10 C:/Users/DELL/Downloads/flurzi cinema/flurzi cinema/flurzi cinema web app files/WebApp_Files/core/vendor/laravel/framework/src/Illuminate/Database/Schema/Builder.php(522): Illuminate/Database/Connection->statement()
#11 C:/Users/DELL/Downloads/flurzi cinema/flurzi cinema/flurzi cinema web app files/WebApp_Files/core/vendor/laravel/framework/src/Illuminate/Database/SQLiteConnection.php(59): Illuminate/Database/Schema/Builder->enableForeignKeyConstraints()
#12 C:/Users/DELL/Downloads/flurzi cinema/flurzi cinema/flurzi cinema web app files/WebApp_Files/core/vendor/laravel/framework/src/Illuminate/Database/SQLiteConnection.php(28): Illuminate/Database/SQLiteConnection->configureForeignKeyConstraints()
#13 C:/Users/DELL/Downloads/flurzi cinema/flurzi cinema/flurzi cinema web app files/WebApp_Files/core/vendor/laravel/framework/src/Illuminate/Database/Connectors/ConnectionFactory.php(277): Illuminate/Database/SQLiteConnection->__construct()
#14 C:/Users/DELL/Downloads/flurzi cinema/flurzi cinema/flurzi cinema web app files/WebApp_Files/core/vendor/laravel/framework/src/Illuminate/Database/Connectors/ConnectionFactory.php(76): Illuminate/Database/Connectors/ConnectionFactory->createConnection()
#15 C:/Users/DELL/Downloads/flurzi cinema/flurzi cinema/flurzi cinema web app files/WebApp_Files/core/vendor/laravel/framework/src/Illuminate/Database/Connectors/ConnectionFactory.php(51): Illuminate/Database/Connectors/ConnectionFactory->createSingleConnection()
#16 C:/Users/DELL/Downloads/flurzi cinema/flurzi cinema/flurzi cinema web app files/WebApp_Files/core/vendor/laravel/framework/src/Illuminate/Database/DatabaseManager.php(207): Illuminate/Database/Connectors/ConnectionFactory->make()
#17 C:/Users/DELL/Downloads/flurzi cinema/flurzi cinema/flurzi cinema web app files/WebApp_Files/core/vendor/laravel/framework/src/Illuminate/Database/DatabaseManager.php(103): Illuminate/Database/DatabaseManager->makeConnection()
#18 C:/Users/DELL/Downloads/flurzi cinema/flurzi cinema/flurzi cinema web app files/WebApp_Files/core/vendor/laravel/framework/src/Illuminate/Database/Eloquent/Model.php(1851): Illuminate/Database/DatabaseManager->connection()
#19 C:/Users/DELL/Downloads/flurzi cinema/flurzi cinema/flurzi cinema web app files/WebApp_Files/core/vendor/laravel/framework/src/Illuminate/Database/Eloquent/Model.php(1817): Illuminate/Database/Eloquent/Model::resolveConnection()
#20 C:/Users/DELL/Downloads/flurzi cinema/flurzi cinema/flurzi cinema web app files/WebApp_Files/core/vendor/laravel/framework/src/Illuminate/Database/Eloquent/Model.php(1615): Illuminate/Database/Eloquent/Model->getConnection()
#21 C:/Users/DELL/Downloads/flurzi cinema/flurzi cinema/flurzi cinema web app files/WebApp_Files/core/vendor/laravel/framework/src/Illuminate/Database/Eloquent/Model.php(1534): Illuminate/Database/Eloquent/Model->newBaseQueryBuilder()
#22 C:/Users/DELL/Downloads/flurzi cinema/flurzi cinema/flurzi cinema web app files/WebApp_Files/core/vendor/laravel/framework/src/Illuminate/Database/Eloquent/Model.php(1570): Illuminate/Database/Eloquent/Model->newModelQuery()
#23 C:/Users/DELL/Downloads/flurzi cinema/flurzi cinema/flurzi cinema web app files/WebApp_Files/core/vendor/laravel/framework/src/Illuminate/Database/Eloquent/Model.php(1523): Illuminate/Database/Eloquent/Model->newQueryWithoutScopes()
#24 C:/Users/DELL/Downloads/flurzi cinema/flurzi cinema/flurzi cinema web app files/WebApp_Files/core/vendor/laravel/framework/src/Illuminate/Database/Eloquent/Model.php(2372): Illuminate/Database/Eloquent/Model->newQuery()
#25 C:/Users/DELL/Downloads/flurzi cinema/flurzi cinema/flurzi cinema web app files/WebApp_Files/core/vendor/laravel/framework/src/Illuminate/Database/Eloquent/Model.php(2384): Illuminate/Database/Eloquent/Model->__call()
#26 C:/Users/DELL/Downloads/flurzi cinema/flurzi cinema/flurzi cinema web app files/WebApp_Files/core/app/Http/Helpers/helpers.php(440): Illuminate/Database/Eloquent/Model::__callStatic()
#27 C:/Users/DELL/Downloads/flurzi cinema/flurzi cinema/flurzi cinema web app files/WebApp_Files/core/storage/framework/views/cd072571a22f55120421744fc43728e9.php(8): gs()
#28 C:/Users/DELL/Downloads/flurzi cinema/flurzi cinema/flurzi cinema web app files/WebApp_Files/core/vendor/laravel/framework/src/Illuminate/Filesystem/Filesystem.php(123): require('...')
#29 C:/Users/DELL/Downloads/flurzi cinema/flurzi cinema/flurzi cinema web app files/WebApp_Files/core/vendor/laravel/framework/src/Illuminate/Filesystem/Filesystem.php(124): Illuminate/Filesystem/Filesystem::Illuminate/Filesystem/{closure}()
#30 C:/Users/DELL/Downloads/flurzi cinema/flurzi cinema/flurzi cinema web app files/WebApp_Files/core/vendor/laravel/framework/src/Illuminate/View/Engines/PhpEngine.php(58): Illuminate/Filesystem/Filesystem->getRequire()
#31 C:/Users/DELL/Downloads/flurzi cinema/flurzi cinema/flurzi cinema web app files/WebApp_Files/core/vendor/laravel/framework/src/Illuminate/View/Engines/CompilerEngine.php(75): Illuminate/View/Engines/PhpEngine->evaluatePath()
#32 C:/Users/DELL/Downloads/flurzi cinema/flurzi cinema/flurzi cinema web app files/WebApp_Files/core/vendor/laravel/framework/src/Illuminate/View/View.php(209): Illuminate/View/Engines/CompilerEngine->get()
#33 C:/Users/DELL/Downloads/flurzi cinema/flurzi cinema/flurzi cinema web app files/WebApp_Files/core/vendor/laravel/framework/src/Illuminate/View/View.php(192): Illuminate/View/View->getContents()
#34 C:/Users/DELL/Downloads/flurzi cinema/flurzi cinema/flurzi cinema web app files/WebApp_Files/core/vendor/laravel/framework/src/Illuminate/View/View.php(161): Illuminate/View/View->renderContents()
#35 C:/Users/DELL/Downloads/flurzi cinema/flurzi cinema/flurzi cinema web app files/WebApp_Files/core/vendor/laravel/framework/src/Illuminate/Http/Response.php(79): Illuminate/View/View->render()
#36 C:/Users/DELL/Downloads/flurzi cinema/flurzi cinema/flurzi cinema web app files/WebApp_Files/core/vendor/laravel/framework/src/Illuminate/Http/Response.php(35): Illuminate/Http/Response->setContent()
#37 C:/Users/DELL/Downloads/flurzi cinema/flurzi cinema/flurzi cinema web app files/WebApp_Files/core/vendor/laravel/framework/src/Illuminate/Routing/ResponseFactory.php(60): Illuminate/Http/Response->__construct()
#38 C:/Users/DELL/Downloads/flurzi cinema/flurzi cinema/flurzi cinema web app files/WebApp_Files/core/vendor/laravel/framework/src/Illuminate/Routing/ResponseFactory.php(90): Illuminate/Routing/ResponseFactory->make()
#39 C:/Users/DELL/Downloads/flurzi cinema/flurzi cinema/flurzi cinema web app files/WebApp_Files/core/vendor/laravel/framework/src/Illuminate/Foundation/Exceptions/Handler.php(894): Illuminate/Routing/ResponseFactory->view()
#40 C:/Users/DELL/Downloads/flurzi cinema/flurzi cinema/flurzi cinema web app files/WebApp_Files/core/vendor/laravel/framework/src/Illuminate/Foundation/Exceptions/Handler.php(815): Illuminate/Foundation/Exceptions/Handler->renderHttpException()
#41 C:/Users/DELL/Downloads/flurzi cinema/flurzi cinema/flurzi cinema web app files/WebApp_Files/core/vendor/laravel/framework/src/Illuminate/Foundation/Exceptions/Handler.php(706): Illuminate/Foundation/Exceptions/Handler->prepareResponse()
#42 C:/Users/DELL/Downloads/flurzi cinema/flurzi cinema/flurzi cinema web app files/WebApp_Files/core/vendor/laravel/framework/src/Illuminate/Foundation/Exceptions/Handler.php(594): Illuminate/Foundation/Exceptions/Handler->renderExceptionResponse()
#43 C:/Users/DELL/Downloads/flurzi cinema/flurzi cinema/flurzi cinema web app files/WebApp_Files/core/vendor/laravel/framework/src/Illuminate/Routing/Pipeline.php(51): Illuminate/Foundation/Exceptions/Handler->render()
#44 C:/Users/DELL/Downloads/flurzi cinema/flurzi cinema/flurzi cinema web app files/WebApp_Files/core/vendor/laravel/framework/src/Illuminate/Pipeline/Pipeline.php(214): Illuminate/Routing/Pipeline->handleException()
#45 C:/Users/DELL/Downloads/flurzi cinema/flurzi cinema/flurzi cinema web app files/WebApp_Files/core/vendor/laravel/framework/src/Illuminate/Pipeline/Pipeline.php(127): Illuminate/Pipeline/Pipeline->Illuminate/Pipeline/{closure}()
#46 C:/Users/DELL/Downloads/flurzi cinema/flurzi cinema/flurzi cinema web app files/WebApp_Files/core/vendor/laravel/framework/src/Illuminate/Foundation/Http/Kernel.php(176): Illuminate/Pipeline/Pipeline->then()
#47 C:/Users/DELL/Downloads/flurzi cinema/flurzi cinema/flurzi cinema web app files/WebApp_Files/core/vendor/laravel/framework/src/Illuminate/Foundation/Http/Kernel.php(145): Illuminate/Foundation/Http/Kernel->sendRequestThroughRouter()
#48 C:/Users/DELL/Downloads/flurzi cinema/flurzi cinema/flurzi cinema web app files/WebApp_Files/core/public/index.php(16): Illuminate/Foundation/Http/Kernel->handle()
#49 C:/Users/DELL/Downloads/flurzi cinema/flurzi cinema/flurzi cinema web app files/WebApp_Files/core/vendor/laravel/framework/src/Illuminate/Foundation/resources/server.php(23): require_once('...')
#50 {main}
"} 
